<?xml version="1.0" encoding="UTF-8"?>
<!-- Generated by org.testng.reporters.JUnitReportReporter -->
<testsuite hostname="Navpreet" failures="0" tests="1" name="tests.SignIn" time="0.014" errors="0" timestamp="2023-04-03T15:15:52 EDT" skipped="0">
  <testcase classname="tests.SignIn" name="SignInPage" time="0.014"/>
  <system-out/>
</testsuite> <!-- tests.SignIn -->
